{"D:\\SOURCE\\react-from-scratch\\src\\App.js": {"path":"D:\\SOURCE\\react-from-scratch\\src\\App.js","statementMap":{"0":{"start":{"line":3,"column":12},"end":{"line":5,"column":1}},"1":{"start":{"line":4,"column":2},"end":{"line":4,"column":54}}},"fnMap":{"0":{"name":"(anonymous_0)","decl":{"start":{"line":3,"column":12},"end":{"line":3,"column":13}},"loc":{"start":{"line":3,"column":18},"end":{"line":5,"column":1}},"line":3}},"branchMap":{},"s":{"0":2,"1":2},"f":{"0":2},"b":{},"_coverageSchema":"43e27e138ebf9cfc5966b082cf9a028302ed4184","hash":"b56d63133b9f1ece0c333f1e9d78546074c14578"}
,"D:\\SOURCE\\react-from-scratch\\src\\index.js": {"path":"D:\\SOURCE\\react-from-scratch\\src\\index.js","statementMap":{"0":{"start":{"line":5,"column":0},"end":{"line":5,"column":58}}},"fnMap":{},"branchMap":{},"s":{"0":0},"f":{},"b":{},"hash":"78cf159b8eb7ce44589b2c92aff853d67ff1b640"}
,"D:\\SOURCE\\react-from-scratch\\src\\style\\App.style.js": {"path":"D:\\SOURCE\\react-from-scratch\\src\\style\\App.style.js","statementMap":{},"fnMap":{},"branchMap":{},"s":{},"f":{},"b":{},"hash":"98bc63e3d91ccc8e7c87f8fb3cb5f9ace3a84cf5"}
,"D:\\SOURCE\\react-from-scratch\\src\\style\\index.style.js": {"path":"D:\\SOURCE\\react-from-scratch\\src\\style\\index.style.js","statementMap":{},"fnMap":{},"branchMap":{},"s":{},"f":{},"b":{},"hash":"dc1f6c8400b951ab48d0b369d0c1f0022ff0acf1"}
}
